<?xml version="1.0" encoding="UTF-8"?>
<!-- Generated by org.testng.reporters.JUnitReportReporter -->
<testsuite hostname="DESKTOP-NE2AVD9" failures="0" tests="2" name="TestNgPack.TestClassNg" time="0.024" errors="0" timestamp="2023-03-21T21:50:22 IST" skipped="0">
  <testcase classname="TestNgPack.TestClassNg" name="text1" time="0.007"/>
  <system-out/>
  <testcase classname="TestNgPack.TestClassNg" name="text" time="0.017"/>
  <system-out/>
</testsuite> <!-- TestNgPack.TestClassNg -->
