<?xml version="1.0" encoding="UTF-8"?>
<!-- Generated by org.testng.reporters.JUnitReportReporter -->
<testsuite hostname="DESKTOP-NE2AVD9" failures="0" tests="1" name="TestNgPack.TestNgForLoginPage" time="10.733" errors="0" timestamp="2023-04-10T00:21:54 IST" skipped="0">
  <testcase classname="TestNgPack.TestNgForLoginPage" name="VerifyLoginFunctionality" time="10.733"/>
  <system-out/>
</testsuite> <!-- TestNgPack.TestNgForLoginPage -->
