<?xml version="1.0" encoding="UTF-8"?>
<!-- Generated by org.testng.reporters.JUnitReportReporter -->
<testsuite hostname="DESKTOP-NE2AVD9" failures="0" tests="2" name="TestNgPack.TestNgForForgetPassword" time="22.288" errors="0" timestamp="2023-04-10T00:21:54 IST" skipped="0">
  <testcase classname="TestNgPack.TestNgForForgetPassword" name="verifyMessageOnforgetPasswPage" time="9.618"/>
  <system-out/>
  <testcase classname="TestNgPack.TestNgForForgetPassword" name="verifytheCancelButtonOnForgetPasswordPage" time="12.670"/>
  <system-out/>
</testsuite> <!-- TestNgPack.TestNgForForgetPassword -->
