<?xml version="1.0" encoding="UTF-8"?>
<!-- Generated by org.testng.reporters.JUnitReportReporter -->
<testsuite hostname="DESKTOP-NE2AVD9" failures="0" tests="2" name="TestNgPack.TestNgForSignUpPupup" time="9.437" errors="0" timestamp="2023-04-10T11:18:23 IST" skipped="0">
  <testcase classname="TestNgPack.TestNgForSignUpPupup" name="test3" time="5.514"/>
  <system-out/>
  <testcase classname="TestNgPack.TestNgForSignUpPupup" name="test4" time="3.923"/>
  <system-out/>
</testsuite> <!-- TestNgPack.TestNgForSignUpPupup -->
